#
# A fatal error has been detected by the Java Runtime Environment:
#
#  SIGSEGV (0xb) at pc=0x000000010fce2854, pid=13164, tid=9987
#
# JRE version: OpenJDK Runtime Environment (15.0.2+7) (build 15.0.2+7-27)
# Java VM: OpenJDK 64-Bit Server VM (15.0.2+7-27, mixed mode, tiered, compressed oops, g1 gc, bsd-amd64)
# Problematic frame:
# V  [libjvm.dylib+0x3854]  AccessInternal::PostRuntimeDispatch<G1BarrierSet::AccessBarrier<548980ull, G1BarrierSet>, (AccessInternal::BarrierType)2, 548980ull>::oop_access_barrier(void*)+0x4
#
# No core dump will be written. Core dumps have been disabled. To enable core dumping, try "ulimit -c unlimited" before starting Java again
#
# If you would like to submit a bug report, please visit:
#   https://bugreport.java.com/bugreport/crash.jsp
#

---------------  S U M M A R Y ------------

Command Line: -Dfile.encoding=UTF-8 -XX:+ShowCodeDetailsInExceptionMessages oracle.jdbc.driver.JavaToJavaConverter$8

Host: MacBookPro16,1 x86_64 2600 MHz, 12 cores, 16G, Darwin 21.3.0
Time: Fri May 20 16:45:13 2022 -03 elapsed time: 0.174781 seconds (0d 0h 0m 0s)

---------------  T H R E A D  ---------------

Current thread (0x00007f8f28812c00):  JavaThread "main" [_thread_in_vm, id=9987, stack(0x000070000f5b8000,0x000070000f6b8000)]

Stack: [0x000070000f5b8000,0x000070000f6b8000],  sp=0x000070000f6b7df0,  free space=1023k
Native frames: (J=compiled Java code, A=aot compiled Java code, j=interpreted, Vv=VM code, C=native code)
V  [libjvm.dylib+0x3854]  AccessInternal::PostRuntimeDispatch<G1BarrierSet::AccessBarrier<548980ull, G1BarrierSet>, (AccessInternal::BarrierType)2, 548980ull>::oop_access_barrier(void*)+0x4
V  [libjvm.dylib+0x518281]  jni_GetStringUTFChars+0xd1
C  [libjli.dylib+0x79ed]  PostJVMInit+0xad
C  [libjli.dylib+0x4ed8]  JavaMain+0xbb8
C  [libjli.dylib+0x7659]  ThreadJavaMain+0x9
C  [libsystem_pthread.dylib+0x64f4]  _pthread_start+0x7d
C  [libsystem_pthread.dylib+0x200f]  thread_start+0xf


siginfo: si_signo: 11 (SIGSEGV), si_code: 1 (SEGV_MAPERR), si_addr: 0x0000000000000000

Register to memory mapping:

RAX=0x000000010ed8a000 points into unknown readable memory: 0x0000000000000000 | 00 00 00 00 00 00 00 00
RBX=0x00007f8f28812f28 points into unknown readable memory: 0x00000001108aef70 | 70 ef 8a 10 01 00 00 00
RCX=0x00000001108aef70: jni_NativeInterface+0 in /Users/igortn/.p2/pool/plugins/org.eclipse.justj.openjdk.hotspot.jre.full.macosx.x86_64_15.0.2.v20210201-0955/jre/lib/server/libjvm.dylib at 0x000000010fcdf000
RDX=0x0 is NULL
RSP=0x000070000f6b7df0 is pointing into the stack for thread: 0x00007f8f28812c00
RBP=0x000070000f6b7df0 is pointing into the stack for thread: 0x00007f8f28812c00
RSI=0x0 is NULL
RDI=0x0 is NULL
R8 ={method} {0x0000000119660de0} 'getCanonicalName' '()Ljava/lang/String;' in 'java/lang/Class'
R9 =0x0000600001ba4100 points into unknown readable memory: 0x0000000119660de0 | e0 0d 66 19 01 00 00 00
R10=0x000000011092d1c0: _ZN19TemplateInterpreter13_active_tableE+0x4800 in /Users/igortn/.p2/pool/plugins/org.eclipse.justj.openjdk.hotspot.jre.full.macosx.x86_64_15.0.2.v20210201-0955/jre/lib/server/libjvm.dylib at 0x000000010fcdf000
R11=0x0 is NULL
R12=0x00007f8f28812c00 is a thread
R13=0x0 is NULL
R14=0x0 is NULL
R15=0x0 is NULL


Registers:
RAX=0x000000010ed8a000, RBX=0x00007f8f28812f28, RCX=0x00000001108aef70, RDX=0x0000000000000000
RSP=0x000070000f6b7df0, RBP=0x000070000f6b7df0, RSI=0x0000000000000000, RDI=0x0000000000000000
R8 =0x0000000119660de0, R9 =0x0000600001ba4100, R10=0x000000011092d1c0, R11=0x0000000000000000
R12=0x00007f8f28812c00, R13=0x0000000000000000, R14=0x0000000000000000, R15=0x0000000000000000
RIP=0x000000010fce2854, EFLAGS=0x0000000000010246, ERR=0x0000000000000004
  TRAPNO=0x000000000000000e

Top of Stack: (sp=0x000070000f6b7df0)
0x000070000f6b7df0:   000070000f6b7e80 00000001101f7281
0x000070000f6b7e00:   00007f8f28812c00 0000000000000000
0x000070000f6b7e10:   000000010ed6cb92 00007f8f28812c00
0x000070000f6b7e20:   702e9f5a4aa300e3 00007f8f28812f28
0x000070000f6b7e30:   00007f8f28812c00 0000000000000000
0x000070000f6b7e40:   00007f8f28812f28 00007f8f28812c00
0x000070000f6b7e50:   000070000f6b7e80 00007f8f28812f28
0x000070000f6b7e60:   00007f8f28705648 0000000000000000
0x000070000f6b7e70:   0000000000000000 00007f8f28705640
0x000070000f6b7e80:   000070000f6b7f10 000000010ed689ed
0x000070000f6b7e90:   00007f8f28812f28 00007f8f28812c00
0x000070000f6b7ea0:   000070000f6b7ed0 00000001101e3897
0x000070000f6b7eb0:   702e9f5a4aa300e3 00007f8f28705628
0x000070000f6b7ec0:   00007f8f28705648 0000000000000000
0x000070000f6b7ed0:   00007f8f28812f28 00007f8f28812c00
0x000070000f6b7ee0:   000070000f6b7f10 702e9f5a4aa300e3
0x000070000f6b7ef0:   00007f8f28705628 00007f8f28705648
0x000070000f6b7f00:   00007f8f28705658 00007f8f28705640
0x000070000f6b7f10:   000070000f6b7fa0 000000010ed65ed8
0x000070000f6b7f20:   0000000000000000 0005df76ba9d30ee
0x000070000f6b7f30:   0000000500010002 00006000009b0000
0x000070000f6b7f40:   0000000000000000 0000000000000000
0x000070000f6b7f50:   00006000032b0030 0000000000000001
0x000070000f6b7f60:   00006000029ac000 00007f8f28812f28
0x000070000f6b7f70:   00000001108aef68 000070000f6b8000
0x000070000f6b7f80:   0000000000000000 0000000000000000
0x000070000f6b7f90:   0000000000000000 0000000000000000
0x000070000f6b7fa0:   000070000f6b7fb0 000000010ed68659
0x000070000f6b7fb0:   000070000f6b7fd0 00007ff80e7f54f4
0x000070000f6b7fc0:   0000000000000000 0000000000000000
0x000070000f6b7fd0:   000070000f6b7ff0 00007ff80e7f100f
0x000070000f6b7fe0:   0000000000000000 0000000000000000 

Instructions: (pc=0x000000010fce2854)
0x000000010fce2754:   ff 0b 73 0e 48 63 c7 48 8d 0d 2e a9 ae 00 8b 04
0x000000010fce2764:   81 c3 55 48 89 e5 48 8d 3d e3 be a6 00 be 9c 00
0x000000010fce2774:   00 00 e8 b5 c1 2f 00 e8 20 63 82 00 31 c0 5d c3
0x000000010fce2784:   66 66 66 2e 0f 1f 84 00 00 00 00 00 55 48 89 e5
0x000000010fce2794:   48 8b 47 08 0f b7 48 32 0f b7 40 30 8d 44 01 19
0x000000010fce27a4:   5d c3 66 2e 0f 1f 84 00 00 00 00 00 55 48 89 e5
0x000000010fce27b4:   53 50 48 89 fb 48 8d 0d 78 c8 c2 00 48 8d 05 59
0x000000010fce27c4:   0f c0 00 48 8b 00 8b 40 10 ff c8 80 39 00 74 10
0x000000010fce27d4:   83 f8 04 73 1f 48 98 48 8d 0d fe 50 b2 00 eb 0e
0x000000010fce27e4:   83 f8 04 73 0f 48 98 48 8d 0d 0e 51 b2 00 48 8b
0x000000010fce27f4:   04 c1 eb 21 48 8d 3d 8c be a6 00 48 8d 15 b5 be
0x000000010fce2804:   a6 00 be e8 00 00 00 31 c0 e8 1e bf 2f 00 e8 89
0x000000010fce2814:   62 82 00 31 c0 48 89 05 10 8f bc 00 48 89 df 48
0x000000010fce2824:   83 c4 08 5b 5d ff e0 0f 1f 44 00 00 55 48 89 e5
0x000000010fce2834:   48 8b 07 5d c3 0f 1f 80 00 00 00 00 55 48 89 e5
0x000000010fce2844:   48 8b 07 5d c3 0f 1f 80 00 00 00 00 55 48 89 e5
0x000000010fce2854:   48 8b 07 5d c3 0f 1f 80 00 00 00 00 55 48 89 e5
0x000000010fce2864:   41 57 41 56 53 50 49 89 fe 49 8b 1e 4c 8d 3d c1
0x000000010fce2874:   e4 c5 00 49 85 1f 74 3c 48 89 df e8 5c 5c a3 00
0x000000010fce2884:   48 89 c1 48 85 c9 74 29 48 89 d8 f0 49 0f b1 0e
0x000000010fce2894:   48 89 c2 48 39 da 74 19 0f 1f 40 00 49 85 17 74
0x000000010fce28a4:   10 48 89 d0 f0 49 0f b1 0e 48 39 d0 48 89 c2 75
0x000000010fce28b4:   eb 48 89 cb 48 89 d8 48 83 c4 08 5b 41 5e 41 5f
0x000000010fce28c4:   5d c3 66 2e 0f 1f 84 00 00 00 00 00 55 48 89 e5
0x000000010fce28d4:   48 8b 07 5d c3 0f 1f 80 00 00 00 00 55 48 89 e5
0x000000010fce28e4:   48 8b 07 5d c3 0f 1f 80 00 00 00 00 55 48 89 e5
0x000000010fce28f4:   48 8b 07 5d c3 0f 1f 80 00 00 00 00 55 48 89 e5
0x000000010fce2904:   41 57 41 56 53 50 49 89 fe 49 8b 1e 4c 8d 3d 21
0x000000010fce2914:   e4 c5 00 49 85 1f 74 3c 48 89 df e8 bc 5b a3 00
0x000000010fce2924:   48 89 c1 48 85 c9 74 29 48 89 d8 f0 49 0f b1 0e
0x000000010fce2934:   48 89 c2 48 39 da 74 19 0f 1f 40 00 49 85 17 74
0x000000010fce2944:   10 48 89 d0 f0 49 0f b1 0e 48 39 d0 48 89 c2 75 


Stack slot to memory mapping:
stack at sp + 0 slots: 0x000070000f6b7e80 is pointing into the stack for thread: 0x00007f8f28812c00
stack at sp + 1 slots: 0x00000001101f7281: jni_GetStringUTFChars+0xd1 in /Users/igortn/.p2/pool/plugins/org.eclipse.justj.openjdk.hotspot.jre.full.macosx.x86_64_15.0.2.v20210201-0955/jre/lib/server/libjvm.dylib at 0x000000010fcdf000
stack at sp + 2 slots: 0x00007f8f28812c00 is a thread
stack at sp + 3 slots: 0x0 is NULL
stack at sp + 4 slots: 0x000000010ed6cb92: <offset 0xbb92> in /Users/igortn/.p2/pool/plugins/org.eclipse.justj.openjdk.hotspot.jre.full.macosx.x86_64_15.0.2.v20210201-0955/jre/lib/libjli.dylib at 0x000000010ed61000
stack at sp + 5 slots: 0x00007f8f28812c00 is a thread
stack at sp + 6 slots: 0x702e9f5a4aa300e3 is an unknown value
stack at sp + 7 slots: 0x00007f8f28812f28 points into unknown readable memory: 0x00000001108aef70 | 70 ef 8a 10 01 00 00 00


---------------  P R O C E S S  ---------------

Threads class SMR info:
_java_thread_list=0x000060000278e140, length=10, elements={
0x00007f8f28812c00, 0x00007f8f2a03a200, 0x00007f8f2a03c400, 0x00007f8f28810000,
0x00007f8f29808800, 0x00007f8f29808e00, 0x00007f8f2881ba00, 0x00007f8f2e00ce00,
0x00007f8f2e810200, 0x00007f8f2c0cf400
}

Java Threads: ( => current thread )
=>0x00007f8f28812c00 JavaThread "main" [_thread_in_vm, id=9987, stack(0x000070000f5b8000,0x000070000f6b8000)]
  0x00007f8f2a03a200 JavaThread "Reference Handler" daemon [_thread_blocked, id=15875, stack(0x000070000fccd000,0x000070000fdcd000)]
  0x00007f8f2a03c400 JavaThread "Finalizer" daemon [_thread_blocked, id=17667, stack(0x000070000fdd0000,0x000070000fed0000)]
  0x00007f8f28810000 JavaThread "Signal Dispatcher" daemon [_thread_blocked, id=41987, stack(0x000070000ffd9000,0x00007000100d9000)]
  0x00007f8f29808800 JavaThread "Service Thread" daemon [_thread_blocked, id=22531, stack(0x00007000100dc000,0x00007000101dc000)]
  0x00007f8f29808e00 JavaThread "C2 CompilerThread0" daemon [_thread_blocked, id=41219, stack(0x00007000101df000,0x00007000102df000)]
  0x00007f8f2881ba00 JavaThread "C1 CompilerThread0" daemon [_thread_blocked, id=23811, stack(0x00007000102e2000,0x00007000103e2000)]
  0x00007f8f2e00ce00 JavaThread "Sweeper thread" daemon [_thread_blocked, id=40195, stack(0x00007000103e5000,0x00007000104e5000)]
  0x00007f8f2e810200 JavaThread "Notification Thread" daemon [_thread_blocked, id=39427, stack(0x00007000104e8000,0x00007000105e8000)]
  0x00007f8f2c0cf400 JavaThread "Common-Cleaner" daemon [_thread_blocked, id=38147, stack(0x00007000106ee000,0x00007000107ee000)]

Other Threads:
  0x00007f8f2d304a10 VMThread "VM Thread" [stack: 0x000070000fbca000,0x000070000fcca000] [id=14851]
  0x00007f8f2ab166d0 WatcherThread [stack: 0x00007000105eb000,0x00007000106eb000] [id=24835]
  0x00007f8f2a807c60 GCTaskThread "GC Thread#0" [stack: 0x000070000f6bb000,0x000070000f7bb000] [id=20483]
  0x00007f8f2a808550 ConcurrentGCThread "G1 Main Marker" [stack: 0x000070000f7be000,0x000070000f8be000] [id=13571]
  0x00007f8f2ab04350 ConcurrentGCThread "G1 Conc#0" [stack: 0x000070000f8c1000,0x000070000f9c1000] [id=19715]
  0x00007f8f2ab104d0 ConcurrentGCThread "G1 Refine#0" [stack: 0x000070000f9c4000,0x000070000fac4000] [id=19459]
  0x00007f8f2ab10fb0 ConcurrentGCThread "G1 Young RemSet Sampling" [stack: 0x000070000fac7000,0x000070000fbc7000] [id=14595]

Threads with active compile tasks:

VM state: not at safepoint (normal execution)

VM Mutex/Monitor currently owned by a thread: None

Heap address: 0x0000000700000000, size: 4096 MB, Compressed Oops mode: Zero based, Oop shift amount: 3
CDS disabled.
Compressed class space mapped at: 0x0000000800000000-0x0000000840000000, size: 1073741824
Narrow klass base: 0x0000000800000000, Narrow klass shift: 0, Narrow klass range: 0x40000000

GC Precious Log:
 CPUs: 12 total, 12 available
 Memory: 16384M
 Large Page Support: Disabled
 NUMA Support: Disabled
 Compressed Oops: Enabled (Zero based)
 Heap Region Size: 2M
 Heap Min Capacity: 8M
 Heap Initial Capacity: 256M
 Heap Max Capacity: 4G
 Pre-touch: Disabled
 Parallel Workers: 10
 Concurrent Workers: 3
 Concurrent Refinement Workers: 10
 Periodic GC: Disabled

Heap:
 garbage-first heap   total 262144K, used 4096K [0x0000000700000000, 0x0000000800000000)
  region size 2048K, 4 young (8192K), 0 survivors (0K)
 Metaspace       used 6134K, capacity 6324K, committed 6528K, reserved 1056768K
  class space    used 488K, capacity 528K, committed 640K, reserved 1048576K

Heap Regions: E=young(eden), S=young(survivor), O=old, HS=humongous(starts), HC=humongous(continues), CS=collection set, F=free, OA=open archive, CA=closed archive, TAMS=top-at-mark-start (previous, next)
|   0|0x0000000700000000, 0x0000000700000000, 0x0000000700200000|  0%| F|  |TAMS 0x0000000700000000, 0x0000000700000000| Untracked 
|   1|0x0000000700200000, 0x0000000700200000, 0x0000000700400000|  0%| F|  |TAMS 0x0000000700200000, 0x0000000700200000| Untracked 
|   2|0x0000000700400000, 0x0000000700400000, 0x0000000700600000|  0%| F|  |TAMS 0x0000000700400000, 0x0000000700400000| Untracked 
|   3|0x0000000700600000, 0x0000000700600000, 0x0000000700800000|  0%| F|  |TAMS 0x0000000700600000, 0x0000000700600000| Untracked 
|   4|0x0000000700800000, 0x0000000700800000, 0x0000000700a00000|  0%| F|  |TAMS 0x0000000700800000, 0x0000000700800000| Untracked 
|   5|0x0000000700a00000, 0x0000000700a00000, 0x0000000700c00000|  0%| F|  |TAMS 0x0000000700a00000, 0x0000000700a00000| Untracked 
|   6|0x0000000700c00000, 0x0000000700c00000, 0x0000000700e00000|  0%| F|  |TAMS 0x0000000700c00000, 0x0000000700c00000| Untracked 
|   7|0x0000000700e00000, 0x0000000700e00000, 0x0000000701000000|  0%| F|  |TAMS 0x0000000700e00000, 0x0000000700e00000| Untracked 
|   8|0x0000000701000000, 0x0000000701000000, 0x0000000701200000|  0%| F|  |TAMS 0x0000000701000000, 0x0000000701000000| Untracked 
|   9|0x0000000701200000, 0x0000000701200000, 0x0000000701400000|  0%| F|  |TAMS 0x0000000701200000, 0x0000000701200000| Untracked 
|  10|0x0000000701400000, 0x0000000701400000, 0x0000000701600000|  0%| F|  |TAMS 0x0000000701400000, 0x0000000701400000| Untracked 
|  11|0x0000000701600000, 0x0000000701600000, 0x0000000701800000|  0%| F|  |TAMS 0x0000000701600000, 0x0000000701600000| Untracked 
|  12|0x0000000701800000, 0x0000000701800000, 0x0000000701a00000|  0%| F|  |TAMS 0x0000000701800000, 0x0000000701800000| Untracked 
|  13|0x0000000701a00000, 0x0000000701a00000, 0x0000000701c00000|  0%| F|  |TAMS 0x0000000701a00000, 0x0000000701a00000| Untracked 
|  14|0x0000000701c00000, 0x0000000701c00000, 0x0000000701e00000|  0%| F|  |TAMS 0x0000000701c00000, 0x0000000701c00000| Untracked 
|  15|0x0000000701e00000, 0x0000000701e00000, 0x0000000702000000|  0%| F|  |TAMS 0x0000000701e00000, 0x0000000701e00000| Untracked 
|  16|0x0000000702000000, 0x0000000702000000, 0x0000000702200000|  0%| F|  |TAMS 0x0000000702000000, 0x0000000702000000| Untracked 
|  17|0x0000000702200000, 0x0000000702200000, 0x0000000702400000|  0%| F|  |TAMS 0x0000000702200000, 0x0000000702200000| Untracked 
|  18|0x0000000702400000, 0x0000000702400000, 0x0000000702600000|  0%| F|  |TAMS 0x0000000702400000, 0x0000000702400000| Untracked 
|  19|0x0000000702600000, 0x0000000702600000, 0x0000000702800000|  0%| F|  |TAMS 0x0000000702600000, 0x0000000702600000| Untracked 
|  20|0x0000000702800000, 0x0000000702800000, 0x0000000702a00000|  0%| F|  |TAMS 0x0000000702800000, 0x0000000702800000| Untracked 
|  21|0x0000000702a00000, 0x0000000702a00000, 0x0000000702c00000|  0%| F|  |TAMS 0x0000000702a00000, 0x0000000702a00000| Untracked 
|  22|0x0000000702c00000, 0x0000000702c00000, 0x0000000702e00000|  0%| F|  |TAMS 0x0000000702c00000, 0x0000000702c00000| Untracked 
|  23|0x0000000702e00000, 0x0000000702e00000, 0x0000000703000000|  0%| F|  |TAMS 0x0000000702e00000, 0x0000000702e00000| Untracked 
|  24|0x0000000703000000, 0x0000000703000000, 0x0000000703200000|  0%| F|  |TAMS 0x0000000703000000, 0x0000000703000000| Untracked 
|  25|0x0000000703200000, 0x0000000703200000, 0x0000000703400000|  0%| F|  |TAMS 0x0000000703200000, 0x0000000703200000| Untracked 
|  26|0x0000000703400000, 0x0000000703400000, 0x0000000703600000|  0%| F|  |TAMS 0x0000000703400000, 0x0000000703400000| Untracked 
|  27|0x0000000703600000, 0x0000000703600000, 0x0000000703800000|  0%| F|  |TAMS 0x0000000703600000, 0x0000000703600000| Untracked 
|  28|0x0000000703800000, 0x0000000703800000, 0x0000000703a00000|  0%| F|  |TAMS 0x0000000703800000, 0x0000000703800000| Untracked 
|  29|0x0000000703a00000, 0x0000000703a00000, 0x0000000703c00000|  0%| F|  |TAMS 0x0000000703a00000, 0x0000000703a00000| Untracked 
|  30|0x0000000703c00000, 0x0000000703c00000, 0x0000000703e00000|  0%| F|  |TAMS 0x0000000703c00000, 0x0000000703c00000| Untracked 
|  31|0x0000000703e00000, 0x0000000703e00000, 0x0000000704000000|  0%| F|  |TAMS 0x0000000703e00000, 0x0000000703e00000| Untracked 
|  32|0x0000000704000000, 0x0000000704000000, 0x0000000704200000|  0%| F|  |TAMS 0x0000000704000000, 0x0000000704000000| Untracked 
|  33|0x0000000704200000, 0x0000000704200000, 0x0000000704400000|  0%| F|  |TAMS 0x0000000704200000, 0x0000000704200000| Untracked 
|  34|0x0000000704400000, 0x0000000704400000, 0x0000000704600000|  0%| F|  |TAMS 0x0000000704400000, 0x0000000704400000| Untracked 
|  35|0x0000000704600000, 0x0000000704600000, 0x0000000704800000|  0%| F|  |TAMS 0x0000000704600000, 0x0000000704600000| Untracked 
|  36|0x0000000704800000, 0x0000000704800000, 0x0000000704a00000|  0%| F|  |TAMS 0x0000000704800000, 0x0000000704800000| Untracked 
|  37|0x0000000704a00000, 0x0000000704a00000, 0x0000000704c00000|  0%| F|  |TAMS 0x0000000704a00000, 0x0000000704a00000| Untracked 
|  38|0x0000000704c00000, 0x0000000704c00000, 0x0000000704e00000|  0%| F|  |TAMS 0x0000000704c00000, 0x0000000704c00000| Untracked 
|  39|0x0000000704e00000, 0x0000000704e00000, 0x0000000705000000|  0%| F|  |TAMS 0x0000000704e00000, 0x0000000704e00000| Untracked 
|  40|0x0000000705000000, 0x0000000705000000, 0x0000000705200000|  0%| F|  |TAMS 0x0000000705000000, 0x0000000705000000| Untracked 
|  41|0x0000000705200000, 0x0000000705200000, 0x0000000705400000|  0%| F|  |TAMS 0x0000000705200000, 0x0000000705200000| Untracked 
|  42|0x0000000705400000, 0x0000000705400000, 0x0000000705600000|  0%| F|  |TAMS 0x0000000705400000, 0x0000000705400000| Untracked 
|  43|0x0000000705600000, 0x0000000705600000, 0x0000000705800000|  0%| F|  |TAMS 0x0000000705600000, 0x0000000705600000| Untracked 
|  44|0x0000000705800000, 0x0000000705800000, 0x0000000705a00000|  0%| F|  |TAMS 0x0000000705800000, 0x0000000705800000| Untracked 
|  45|0x0000000705a00000, 0x0000000705a00000, 0x0000000705c00000|  0%| F|  |TAMS 0x0000000705a00000, 0x0000000705a00000| Untracked 
|  46|0x0000000705c00000, 0x0000000705c00000, 0x0000000705e00000|  0%| F|  |TAMS 0x0000000705c00000, 0x0000000705c00000| Untracked 
|  47|0x0000000705e00000, 0x0000000705e00000, 0x0000000706000000|  0%| F|  |TAMS 0x0000000705e00000, 0x0000000705e00000| Untracked 
|  48|0x0000000706000000, 0x0000000706000000, 0x0000000706200000|  0%| F|  |TAMS 0x0000000706000000, 0x0000000706000000| Untracked 
|  49|0x0000000706200000, 0x0000000706200000, 0x0000000706400000|  0%| F|  |TAMS 0x0000000706200000, 0x0000000706200000| Untracked 
|  50|0x0000000706400000, 0x0000000706400000, 0x0000000706600000|  0%| F|  |TAMS 0x0000000706400000, 0x0000000706400000| Untracked 
|  51|0x0000000706600000, 0x0000000706600000, 0x0000000706800000|  0%| F|  |TAMS 0x0000000706600000, 0x0000000706600000| Untracked 
|  52|0x0000000706800000, 0x0000000706800000, 0x0000000706a00000|  0%| F|  |TAMS 0x0000000706800000, 0x0000000706800000| Untracked 
|  53|0x0000000706a00000, 0x0000000706a00000, 0x0000000706c00000|  0%| F|  |TAMS 0x0000000706a00000, 0x0000000706a00000| Untracked 
|  54|0x0000000706c00000, 0x0000000706c00000, 0x0000000706e00000|  0%| F|  |TAMS 0x0000000706c00000, 0x0000000706c00000| Untracked 
|  55|0x0000000706e00000, 0x0000000706e00000, 0x0000000707000000|  0%| F|  |TAMS 0x0000000706e00000, 0x0000000706e00000| Untracked 
|  56|0x0000000707000000, 0x0000000707000000, 0x0000000707200000|  0%| F|  |TAMS 0x0000000707000000, 0x0000000707000000| Untracked 
|  57|0x0000000707200000, 0x0000000707200000, 0x0000000707400000|  0%| F|  |TAMS 0x0000000707200000, 0x0000000707200000| Untracked 
|  58|0x0000000707400000, 0x0000000707400000, 0x0000000707600000|  0%| F|  |TAMS 0x0000000707400000, 0x0000000707400000| Untracked 
|  59|0x0000000707600000, 0x0000000707600000, 0x0000000707800000|  0%| F|  |TAMS 0x0000000707600000, 0x0000000707600000| Untracked 
|  60|0x0000000707800000, 0x0000000707800000, 0x0000000707a00000|  0%| F|  |TAMS 0x0000000707800000, 0x0000000707800000| Untracked 
|  61|0x0000000707a00000, 0x0000000707a00000, 0x0000000707c00000|  0%| F|  |TAMS 0x0000000707a00000, 0x0000000707a00000| Untracked 
|  62|0x0000000707c00000, 0x0000000707c00000, 0x0000000707e00000|  0%| F|  |TAMS 0x0000000707c00000, 0x0000000707c00000| Untracked 
|  63|0x0000000707e00000, 0x0000000707e00000, 0x0000000708000000|  0%| F|  |TAMS 0x0000000707e00000, 0x0000000707e00000| Untracked 
|  64|0x0000000708000000, 0x0000000708000000, 0x0000000708200000|  0%| F|  |TAMS 0x0000000708000000, 0x0000000708000000| Untracked 
|  65|0x0000000708200000, 0x0000000708200000, 0x0000000708400000|  0%| F|  |TAMS 0x0000000708200000, 0x0000000708200000| Untracked 
|  66|0x0000000708400000, 0x0000000708400000, 0x0000000708600000|  0%| F|  |TAMS 0x0000000708400000, 0x0000000708400000| Untracked 
|  67|0x0000000708600000, 0x0000000708600000, 0x0000000708800000|  0%| F|  |TAMS 0x0000000708600000, 0x0000000708600000| Untracked 
|  68|0x0000000708800000, 0x0000000708800000, 0x0000000708a00000|  0%| F|  |TAMS 0x0000000708800000, 0x0000000708800000| Untracked 
|  69|0x0000000708a00000, 0x0000000708a00000, 0x0000000708c00000|  0%| F|  |TAMS 0x0000000708a00000, 0x0000000708a00000| Untracked 
|  70|0x0000000708c00000, 0x0000000708c00000, 0x0000000708e00000|  0%| F|  |TAMS 0x0000000708c00000, 0x0000000708c00000| Untracked 
|  71|0x0000000708e00000, 0x0000000708e00000, 0x0000000709000000|  0%| F|  |TAMS 0x0000000708e00000, 0x0000000708e00000| Untracked 
|  72|0x0000000709000000, 0x0000000709000000, 0x0000000709200000|  0%| F|  |TAMS 0x0000000709000000, 0x0000000709000000| Untracked 
|  73|0x0000000709200000, 0x0000000709200000, 0x0000000709400000|  0%| F|  |TAMS 0x0000000709200000, 0x0000000709200000| Untracked 
|  74|0x0000000709400000, 0x0000000709400000, 0x0000000709600000|  0%| F|  |TAMS 0x0000000709400000, 0x0000000709400000| Untracked 
|  75|0x0000000709600000, 0x0000000709600000, 0x0000000709800000|  0%| F|  |TAMS 0x0000000709600000, 0x0000000709600000| Untracked 
|  76|0x0000000709800000, 0x0000000709800000, 0x0000000709a00000|  0%| F|  |TAMS 0x0000000709800000, 0x0000000709800000| Untracked 
|  77|0x0000000709a00000, 0x0000000709a00000, 0x0000000709c00000|  0%| F|  |TAMS 0x0000000709a00000, 0x0000000709a00000| Untracked 
|  78|0x0000000709c00000, 0x0000000709c00000, 0x0000000709e00000|  0%| F|  |TAMS 0x0000000709c00000, 0x0000000709c00000| Untracked 
|  79|0x0000000709e00000, 0x0000000709e00000, 0x000000070a000000|  0%| F|  |TAMS 0x0000000709e00000, 0x0000000709e00000| Untracked 
|  80|0x000000070a000000, 0x000000070a000000, 0x000000070a200000|  0%| F|  |TAMS 0x000000070a000000, 0x000000070a000000| Untracked 
|  81|0x000000070a200000, 0x000000070a200000, 0x000000070a400000|  0%| F|  |TAMS 0x000000070a200000, 0x000000070a200000| Untracked 
|  82|0x000000070a400000, 0x000000070a400000, 0x000000070a600000|  0%| F|  |TAMS 0x000000070a400000, 0x000000070a400000| Untracked 
|  83|0x000000070a600000, 0x000000070a600000, 0x000000070a800000|  0%| F|  |TAMS 0x000000070a600000, 0x000000070a600000| Untracked 
|  84|0x000000070a800000, 0x000000070a800000, 0x000000070aa00000|  0%| F|  |TAMS 0x000000070a800000, 0x000000070a800000| Untracked 
|  85|0x000000070aa00000, 0x000000070aa00000, 0x000000070ac00000|  0%| F|  |TAMS 0x000000070aa00000, 0x000000070aa00000| Untracked 
|  86|0x000000070ac00000, 0x000000070ac00000, 0x000000070ae00000|  0%| F|  |TAMS 0x000000070ac00000, 0x000000070ac00000| Untracked 
|  87|0x000000070ae00000, 0x000000070ae00000, 0x000000070b000000|  0%| F|  |TAMS 0x000000070ae00000, 0x000000070ae00000| Untracked 
|  88|0x000000070b000000, 0x000000070b000000, 0x000000070b200000|  0%| F|  |TAMS 0x000000070b000000, 0x000000070b000000| Untracked 
|  89|0x000000070b200000, 0x000000070b200000, 0x000000070b400000|  0%| F|  |TAMS 0x000000070b200000, 0x000000070b200000| Untracked 
|  90|0x000000070b400000, 0x000000070b400000, 0x000000070b600000|  0%| F|  |TAMS 0x000000070b400000, 0x000000070b400000| Untracked 
|  91|0x000000070b600000, 0x000000070b600000, 0x000000070b800000|  0%| F|  |TAMS 0x000000070b600000, 0x000000070b600000| Untracked 
|  92|0x000000070b800000, 0x000000070b800000, 0x000000070ba00000|  0%| F|  |TAMS 0x000000070b800000, 0x000000070b800000| Untracked 
|  93|0x000000070ba00000, 0x000000070ba00000, 0x000000070bc00000|  0%| F|  |TAMS 0x000000070ba00000, 0x000000070ba00000| Untracked 
|  94|0x000000070bc00000, 0x000000070bc00000, 0x000000070be00000|  0%| F|  |TAMS 0x000000070bc00000, 0x000000070bc00000| Untracked 
|  95|0x000000070be00000, 0x000000070be00000, 0x000000070c000000|  0%| F|  |TAMS 0x000000070be00000, 0x000000070be00000| Untracked 
|  96|0x000000070c000000, 0x000000070c000000, 0x000000070c200000|  0%| F|  |TAMS 0x000000070c000000, 0x000000070c000000| Untracked 
|  97|0x000000070c200000, 0x000000070c200000, 0x000000070c400000|  0%| F|  |TAMS 0x000000070c200000, 0x000000070c200000| Untracked 
|  98|0x000000070c400000, 0x000000070c400000, 0x000000070c600000|  0%| F|  |TAMS 0x000000070c400000, 0x000000070c400000| Untracked 
|  99|0x000000070c600000, 0x000000070c600000, 0x000000070c800000|  0%| F|  |TAMS 0x000000070c600000, 0x000000070c600000| Untracked 
| 100|0x000000070c800000, 0x000000070c800000, 0x000000070ca00000|  0%| F|  |TAMS 0x000000070c800000, 0x000000070c800000| Untracked 
| 101|0x000000070ca00000, 0x000000070ca00000, 0x000000070cc00000|  0%| F|  |TAMS 0x000000070ca00000, 0x000000070ca00000| Untracked 
| 102|0x000000070cc00000, 0x000000070cc00000, 0x000000070ce00000|  0%| F|  |TAMS 0x000000070cc00000, 0x000000070cc00000| Untracked 
| 103|0x000000070ce00000, 0x000000070ce00000, 0x000000070d000000|  0%| F|  |TAMS 0x000000070ce00000, 0x000000070ce00000| Untracked 
| 104|0x000000070d000000, 0x000000070d000000, 0x000000070d200000|  0%| F|  |TAMS 0x000000070d000000, 0x000000070d000000| Untracked 
| 105|0x000000070d200000, 0x000000070d200000, 0x000000070d400000|  0%| F|  |TAMS 0x000000070d200000, 0x000000070d200000| Untracked 
| 106|0x000000070d400000, 0x000000070d400000, 0x000000070d600000|  0%| F|  |TAMS 0x000000070d400000, 0x000000070d400000| Untracked 
| 107|0x000000070d600000, 0x000000070d600000, 0x000000070d800000|  0%| F|  |TAMS 0x000000070d600000, 0x000000070d600000| Untracked 
| 108|0x000000070d800000, 0x000000070d800000, 0x000000070da00000|  0%| F|  |TAMS 0x000000070d800000, 0x000000070d800000| Untracked 
| 109|0x000000070da00000, 0x000000070da00000, 0x000000070dc00000|  0%| F|  |TAMS 0x000000070da00000, 0x000000070da00000| Untracked 
| 110|0x000000070dc00000, 0x000000070dc00000, 0x000000070de00000|  0%| F|  |TAMS 0x000000070dc00000, 0x000000070dc00000| Untracked 
| 111|0x000000070de00000, 0x000000070de00000, 0x000000070e000000|  0%| F|  |TAMS 0x000000070de00000, 0x000000070de00000| Untracked 
| 112|0x000000070e000000, 0x000000070e000000, 0x000000070e200000|  0%| F|  |TAMS 0x000000070e000000, 0x000000070e000000| Untracked 
| 113|0x000000070e200000, 0x000000070e200000, 0x000000070e400000|  0%| F|  |TAMS 0x000000070e200000, 0x000000070e200000| Untracked 
| 114|0x000000070e400000, 0x000000070e400000, 0x000000070e600000|  0%| F|  |TAMS 0x000000070e400000, 0x000000070e400000| Untracked 
| 115|0x000000070e600000, 0x000000070e600000, 0x000000070e800000|  0%| F|  |TAMS 0x000000070e600000, 0x000000070e600000| Untracked 
| 116|0x000000070e800000, 0x000000070e800000, 0x000000070ea00000|  0%| F|  |TAMS 0x000000070e800000, 0x000000070e800000| Untracked 
| 117|0x000000070ea00000, 0x000000070ea00000, 0x000000070ec00000|  0%| F|  |TAMS 0x000000070ea00000, 0x000000070ea00000| Untracked 
| 118|0x000000070ec00000, 0x000000070ec00000, 0x000000070ee00000|  0%| F|  |TAMS 0x000000070ec00000, 0x000000070ec00000| Untracked 
| 119|0x000000070ee00000, 0x000000070ee00000, 0x000000070f000000|  0%| F|  |TAMS 0x000000070ee00000, 0x000000070ee00000| Untracked 
| 120|0x000000070f000000, 0x000000070f000000, 0x000000070f200000|  0%| F|  |TAMS 0x000000070f000000, 0x000000070f000000| Untracked 
| 121|0x000000070f200000, 0x000000070f200000, 0x000000070f400000|  0%| F|  |TAMS 0x000000070f200000, 0x000000070f200000| Untracked 
| 122|0x000000070f400000, 0x000000070f400000, 0x000000070f600000|  0%| F|  |TAMS 0x000000070f400000, 0x000000070f400000| Untracked 
| 123|0x000000070f600000, 0x000000070f600000, 0x000000070f800000|  0%| F|  |TAMS 0x000000070f600000, 0x000000070f600000| Untracked 
| 124|0x000000070f800000, 0x000000070f93f888, 0x000000070fa00000| 62%| E|  |TAMS 0x000000070f800000, 0x000000070f800000| Complete 
| 125|0x000000070fa00000, 0x000000070fc00000, 0x000000070fc00000|100%| E|  |TAMS 0x000000070fa00000, 0x000000070fa00000| Complete 
| 126|0x000000070fc00000, 0x000000070fe00000, 0x000000070fe00000|100%| E|CS|TAMS 0x000000070fc00000, 0x000000070fc00000| Complete 
| 127|0x000000070fe00000, 0x0000000710000000, 0x0000000710000000|100%| E|CS|TAMS 0x000000070fe00000, 0x000000070fe00000| Complete 

Card table byte_map: [0x0000000114649000,0x0000000114e49000] _byte_map_base: 0x0000000110e49000

Marking Bits (Prev, Next): (CMBitMap*) 0x00007f8f2a029a10, (CMBitMap*) 0x00007f8f2a029a50
 Prev Bits: [0x0000000115649000, 0x0000000119649000)
 Next Bits: [0x000000012a327000, 0x000000012e327000)

Polling page: 0x000000010ed89000

Metaspace:

Usage:
  Non-class:      5.66 MB capacity,     5.51 MB ( 97%) used,   147.59 KB (  3%) free+waste,     2.25 KB ( <1%) overhead. 
      Class:    528.00 KB capacity,   488.21 KB ( 92%) used,    38.98 KB (  7%) free+waste,   832 bytes ( <1%) overhead. 
       Both:      6.18 MB capacity,     5.99 MB ( 97%) used,   186.57 KB (  3%) free+waste,     3.06 KB ( <1%) overhead. 

Virtual space:
  Non-class space:        8.00 MB reserved,       5.75 MB ( 72%) committed 
      Class space:        1.00 GB reserved,     640.00 KB ( <1%) committed 
             Both:        1.01 GB reserved,       6.38 MB ( <1%) committed 

Chunk freelists:
   Non-Class:  44.00 KB
       Class:  16.00 KB
        Both:  60.00 KB

MaxMetaspaceSize: 17179869184.00 GB
CompressedClassSpaceSize: 1.00 GB

CodeHeap 'non-profiled nmethods': size=120028Kb used=60Kb max_used=60Kb free=119967Kb
 bounds [0x0000000122df0000, 0x0000000123060000, 0x000000012a327000]
CodeHeap 'profiled nmethods': size=120028Kb used=298Kb max_used=298Kb free=119730Kb
 bounds [0x000000011b8b9000, 0x000000011bb29000, 0x0000000122df0000]
CodeHeap 'non-nmethods': size=5704Kb used=1100Kb max_used=1114Kb free=4603Kb
 bounds [0x000000011b327000, 0x000000011b597000, 0x000000011b8b9000]
 total_blobs=569 nmethods=228 adapters=255
 compilation: enabled
              stopped_count=0, restarted_count=0
 full_count=0

Compilation events (20 events):
Event: 0.168 Thread 0x00007f8f2881ba00  222  s!   3       jdk.internal.loader.URLClassPath::getLoader (194 bytes)
Event: 0.169 Thread 0x00007f8f2881ba00 nmethod 222 0x000000011b8fd310 code [0x000000011b8fd600, 0x000000011b8fe9a0]
Event: 0.169 Thread 0x00007f8f2881ba00  220       3       java.util.Objects::checkIndex (7 bytes)
Event: 0.169 Thread 0x00007f8f2881ba00 nmethod 220 0x000000011b8ff190 code [0x000000011b8ff340, 0x000000011b8ff540]
Event: 0.169 Thread 0x00007f8f2881ba00  221       3       jdk.internal.util.Preconditions::checkIndex (18 bytes)
Event: 0.169 Thread 0x00007f8f2881ba00 nmethod 221 0x000000011b8ff690 code [0x000000011b8ff820, 0x000000011b8ff9c0]
Event: 0.169 Thread 0x00007f8f2881ba00  217   !   3       jdk.internal.loader.URLClassPath$JarLoader::getResource (65 bytes)
Event: 0.169 Thread 0x00007f8f2881ba00 nmethod 217 0x000000011b8ffa90 code [0x000000011b8ffce0, 0x000000011b9005a0]
Event: 0.169 Thread 0x00007f8f2881ba00  223   !   3       java.util.jar.JarFile::isMultiRelease (33 bytes)
Event: 0.169 Thread 0x00007f8f2881ba00 nmethod 223 0x000000011b900910 code [0x000000011b900ac0, 0x000000011b900ca0]
Event: 0.169 Thread 0x00007f8f2881ba00  224       3       java.lang.Class::getName (18 bytes)
Event: 0.169 Thread 0x00007f8f2881ba00 nmethod 224 0x000000011b900d90 code [0x000000011b900f20, 0x000000011b9010a0]
Event: 0.170 Thread 0x00007f8f2881ba00  225       3       sun.net.www.ParseUtil::firstEncodeIndex (86 bytes)
Event: 0.170 Thread 0x00007f8f2881ba00 nmethod 225 0x000000011b901190 code [0x000000011b9013c0, 0x000000011b901d60]
Event: 0.170 Thread 0x00007f8f2881ba00  226       3       java.util.jar.JarFile::getEntry (35 bytes)
Event: 0.170 Thread 0x00007f8f2881ba00 nmethod 226 0x000000011b902110 code [0x000000011b902300, 0x000000011b902750]
Event: 0.170 Thread 0x00007f8f2881ba00  228       3       java.util.concurrent.ConcurrentHashMap::get (162 bytes)
Event: 0.171 Thread 0x00007f8f2881ba00 nmethod 228 0x000000011b902890 code [0x000000011b902ac0, 0x000000011b903540]
Event: 0.171 Thread 0x00007f8f2881ba00  227       1       java.net.URL::getPort (5 bytes)
Event: 0.171 Thread 0x00007f8f2881ba00 nmethod 227 0x0000000122dff090 code [0x0000000122dff220, 0x0000000122dff2d0]

GC Heap History (0 events):
No events

Deoptimization events (10 events):
Event: 0.089 Thread 0x00007f8f28812c00 Uncommon trap: trap_request=0xffffff45 fr.pc=0x0000000122df4c98 relative=0x0000000000000218
Event: 0.089 Thread 0x00007f8f28812c00 Uncommon trap: reason=unstable_if action=reinterpret pc=0x0000000122df4c98 method=java.lang.String.hashCode()I @ 42 c2
Event: 0.089 Thread 0x00007f8f28812c00 DEOPT PACKING pc=0x0000000122df4c98 sp=0x000070000f6b6640
Event: 0.089 Thread 0x00007f8f28812c00 DEOPT UNPACKING pc=0x000000011b375125 sp=0x000070000f6b65f8 mode 2
Event: 0.125 Thread 0x00007f8f28812c00 Uncommon trap: trap_request=0xffffff45 fr.pc=0x0000000122df84a0 relative=0x0000000000000180
Event: 0.125 Thread 0x00007f8f28812c00 Uncommon trap: reason=unstable_if action=reinterpret pc=0x0000000122df84a0 method=java.util.zip.ZipFile$Source.isMetaName([BII)Z @ 43 c2
Event: 0.125 Thread 0x00007f8f28812c00 DEOPT PACKING pc=0x0000000122df84a0 sp=0x000070000f6b64c0
Event: 0.125 Thread 0x00007f8f28812c00 DEOPT UNPACKING pc=0x000000011b375125 sp=0x000070000f6b6488 mode 2
Event: 0.142 Thread 0x00007f8f28812c00 DEOPT PACKING pc=0x000000011b8c026d sp=0x000070000f6b67b0
Event: 0.142 Thread 0x00007f8f28812c00 DEOPT UNPACKING pc=0x000000011b374f2b sp=0x000070000f6b5c58 mode 0

Classes unloaded (0 events):
No events

Classes redefined (0 events):
No events

Internal exceptions (0 events):
No events

Events (20 events):
Event: 0.164 loading class jdk/internal/jimage/decompressor/ResourceDecompressorFactory done
Event: 0.164 loading class jdk/internal/jimage/decompressor/ZipDecompressorFactory done
Event: 0.164 loading class jdk/internal/jimage/decompressor/StringSharingDecompressorFactory
Event: 0.164 loading class jdk/internal/jimage/decompressor/StringSharingDecompressorFactory done
Event: 0.164 loading class jdk/internal/jimage/decompressor/ZipDecompressor
Event: 0.164 loading class jdk/internal/jimage/decompressor/ResourceDecompressor
Event: 0.164 loading class jdk/internal/jimage/decompressor/ResourceDecompressor done
Event: 0.164 loading class jdk/internal/jimage/decompressor/ZipDecompressor done
Event: 0.164 loading class sun/net/www/protocol/jrt/Handler
Event: 0.164 loading class sun/net/www/protocol/jrt/Handler done
Event: 0.165 loading class java/lang/IllegalStateException
Event: 0.165 loading class java/lang/IllegalStateException done
Event: 0.167 loading class java/util/concurrent/ConcurrentHashMap$ForwardingNode
Event: 0.167 loading class java/util/concurrent/ConcurrentHashMap$ForwardingNode done
Event: 0.169 loading class java/lang/PublicMethods$MethodList
Event: 0.169 loading class java/lang/PublicMethods$MethodList done
Event: 0.171 loading class java/lang/PublicMethods$Key
Event: 0.171 loading class java/lang/PublicMethods$Key done
Event: 0.171 loading class java/lang/Class$EnclosingMethodInfo
Event: 0.171 loading class java/lang/Class$EnclosingMethodInfo done


Dynamic libraries:
0x000000010ed61000 	/Users/igortn/.p2/pool/plugins/org.eclipse.justj.openjdk.hotspot.jre.full.macosx.x86_64_15.0.2.v20210201-0955/jre/lib/libjli.dylib
0x00007ff81948f000 	/usr/lib/libz.1.dylib
0x00007ff81956f000 	/usr/lib/libSystem.B.dylib
0x00007ff81956a000 	/usr/lib/system/libcache.dylib
0x00007ff819526000 	/usr/lib/system/libcommonCrypto.dylib
0x00007ff81954f000 	/usr/lib/system/libcompiler_rt.dylib
0x00007ff819545000 	/usr/lib/system/libcopyfile.dylib
0x00007ff80e57d000 	/usr/lib/system/libcorecrypto.dylib
0x00007ff80e63c000 	/usr/lib/system/libdispatch.dylib
0x00007ff80e7fb000 	/usr/lib/system/libdyld.dylib
0x00007ff819561000 	/usr/lib/system/libkeymgr.dylib
0x00007ff819504000 	/usr/lib/system/libmacho.dylib
0x00007ff818b90000 	/usr/lib/system/libquarantine.dylib
0x00007ff81955f000 	/usr/lib/system/libremovefile.dylib
0x00007ff813762000 	/usr/lib/system/libsystem_asl.dylib
0x00007ff80e52b000 	/usr/lib/system/libsystem_blocks.dylib
0x00007ff80e6c0000 	/usr/lib/system/libsystem_c.dylib
0x00007ff819557000 	/usr/lib/system/libsystem_collections.dylib
0x00007ff817e38000 	/usr/lib/system/libsystem_configuration.dylib
0x00007ff8170f5000 	/usr/lib/system/libsystem_containermanager.dylib
0x00007ff819241000 	/usr/lib/system/libsystem_coreservices.dylib
0x00007ff810e25000 	/usr/lib/system/libsystem_darwin.dylib
0x00007ff819562000 	/usr/lib/system/libsystem_dnssd.dylib
0x00007ff80e6bd000 	/usr/lib/system/libsystem_featureflags.dylib
0x00007ff80e811000 	/usr/lib/system/libsystem_info.dylib
0x00007ff8194a2000 	/usr/lib/system/libsystem_m.dylib
0x00007ff80e610000 	/usr/lib/system/libsystem_malloc.dylib
0x00007ff8136ff000 	/usr/lib/system/libsystem_networkextension.dylib
0x00007ff81124d000 	/usr/lib/system/libsystem_notify.dylib
0x00007ff81f6df000 	/usr/lib/system/libsystem_product_info_filter.dylib
0x00007ff817e3c000 	/usr/lib/system/libsystem_sandbox.dylib
0x00007ff81955c000 	/usr/lib/system/libsystem_secinit.dylib
0x00007ff80e7b8000 	/usr/lib/system/libsystem_kernel.dylib
0x00007ff80e807000 	/usr/lib/system/libsystem_platform.dylib
0x00007ff80e7ef000 	/usr/lib/system/libsystem_pthread.dylib
0x00007ff814fba000 	/usr/lib/system/libsystem_symptoms.dylib
0x00007ff80e564000 	/usr/lib/system/libsystem_trace.dylib
0x00007ff819532000 	/usr/lib/system/libunwind.dylib
0x00007ff80e52d000 	/usr/lib/system/libxpc.dylib
0x00007ff80e7a2000 	/usr/lib/libc++abi.dylib
0x00007ff80e683000 	/usr/lib/libobjc.A.dylib
0x00007ff81953d000 	/usr/lib/liboah.dylib
0x00007ff80e749000 	/usr/lib/libc++.1.dylib
0x00007ff82543a000 	/System/Library/Frameworks/Cocoa.framework/Versions/A/Cocoa
0x00007ff8112ab000 	/System/Library/Frameworks/AppKit.framework/Versions/C/AppKit
0x00007ff8147a7000 	/System/Library/Frameworks/CoreData.framework/Versions/A/CoreData
0x00007ff80f6c2000 	/System/Library/Frameworks/Foundation.framework/Versions/C/Foundation
0x00007ff81213d000 	/System/Library/PrivateFrameworks/UIFoundation.framework/Versions/A/UIFoundation
0x00007ff81f3e6000 	/System/Library/PrivateFrameworks/RemoteViewServices.framework/Versions/A/RemoteViewServices
0x00007ff8177d1000 	/System/Library/PrivateFrameworks/XCTTargetBootstrap.framework/Versions/A/XCTTargetBootstrap
0x00007ff81b37f000 	/System/Library/PrivateFrameworks/InternationalSupport.framework/Versions/A/InternationalSupport
0x00007ff81b409000 	/System/Library/PrivateFrameworks/UserActivity.framework/Versions/A/UserActivity
0x00007ff81a75f000 	/usr/lib/libspindump.dylib
0x00007ff8123cb000 	/System/Library/Frameworks/UniformTypeIdentifiers.framework/Versions/A/UniformTypeIdentifiers
0x00007ff815f0a000 	/usr/lib/libapp_launch_measurement.dylib
0x00007ff815173000 	/System/Library/PrivateFrameworks/CoreAnalytics.framework/Versions/A/CoreAnalytics
0x00007ff815f0d000 	/System/Library/PrivateFrameworks/CoreAutoLayout.framework/Versions/A/CoreAutoLayout
0x00007ff81712d000 	/System/Library/Frameworks/Metal.framework/Versions/A/Metal
0x00007ff817e47000 	/usr/lib/liblangid.dylib
0x00007ff8177d5000 	/System/Library/PrivateFrameworks/CoreSVG.framework/Versions/A/CoreSVG
0x00007ff813792000 	/System/Library/PrivateFrameworks/SkyLight.framework/Versions/A/SkyLight
0x00007ff813b28000 	/System/Library/Frameworks/CoreGraphics.framework/Versions/A/CoreGraphics
0x00007ff81fa55000 	/System/Library/Frameworks/Accelerate.framework/Versions/A/Accelerate
0x00007ff81a1da000 	/System/Library/PrivateFrameworks/IconServices.framework/Versions/A/IconServices
0x00007ff817112000 	/System/Library/Frameworks/IOSurface.framework/Versions/A/IOSurface
0x00007ff8151a1000 	/usr/lib/libDiagnosticMessagesClient.dylib
0x00007ff8230c6000 	/System/Library/Frameworks/ApplicationServices.framework/Versions/A/ApplicationServices
0x00007ff8177bd000 	/System/Library/PrivateFrameworks/DFRFoundation.framework/Versions/A/DFRFoundation
0x00007ff810b9c000 	/usr/lib/libicucore.A.dylib
0x00007ff81c0a4000 	/System/Library/Frameworks/AudioToolbox.framework/Versions/A/AudioToolbox
0x00007ff81b38b000 	/System/Library/PrivateFrameworks/DataDetectorsCore.framework/Versions/A/DataDetectorsCore
0x00007ff916ce3000 	/System/Library/PrivateFrameworks/TextInput.framework/Versions/A/TextInput
0x00007ff813716000 	/usr/lib/libMobileGestalt.dylib
0x00007ff8174c5000 	/System/Library/Frameworks/Carbon.framework/Versions/A/Frameworks/HIToolbox.framework/Versions/A/HIToolbox
0x00007ff815937000 	/System/Library/Frameworks/QuartzCore.framework/Versions/A/QuartzCore
0x00007ff81083c000 	/System/Library/Frameworks/Security.framework/Versions/A/Security
0x00007ff81f41e000 	/System/Library/Frameworks/Carbon.framework/Versions/A/Frameworks/SpeechRecognition.framework/Versions/A/SpeechRecognition
0x00007ff815c6a000 	/System/Library/PrivateFrameworks/CoreUI.framework/Versions/A/CoreUI
0x00007ff810114000 	/System/Library/Frameworks/CoreAudio.framework/Versions/A/CoreAudio
0x00007ff81528f000 	/System/Library/Frameworks/DiskArbitration.framework/Versions/A/DiskArbitration
0x00007ff81ab46000 	/System/Library/PrivateFrameworks/MultitouchSupport.framework/Versions/A/MultitouchSupport
0x00007ff813715000 	/usr/lib/libenergytrace.dylib
0x00007ff811197000 	/System/Library/Frameworks/IOKit.framework/Versions/A/IOKit
0x00007ff81f80a000 	/System/Library/Frameworks/CoreServices.framework/Versions/A/CoreServices
0x00007ff815ea4000 	/System/Library/PrivateFrameworks/PerformanceAnalysis.framework/Versions/A/PerformanceAnalysis
0x00007ffa264b3000 	/System/Library/Frameworks/OpenGL.framework/Versions/A/OpenGL
0x00007ff818abc000 	/System/Library/PrivateFrameworks/MobileKeyBag.framework/Versions/A/MobileKeyBag
0x00007ff8141f4000 	/System/Library/Frameworks/ColorSync.framework/Versions/A/ColorSync
0x00007ff80e83c000 	/System/Library/Frameworks/CoreFoundation.framework/Versions/A/CoreFoundation
0x00007ff817a4e000 	/System/Library/Frameworks/CoreImage.framework/Versions/A/CoreImage
0x00007ff80ff2a000 	/System/Library/Frameworks/CoreText.framework/Versions/A/CoreText
0x00007ff817804000 	/System/Library/Frameworks/ImageIO.framework/Versions/A/ImageIO
0x00007ff819575000 	/System/Library/PrivateFrameworks/SoftLinking.framework/Versions/A/SoftLinking
0x00007ff815f55000 	/usr/lib/libxml2.2.dylib
0x00007ff8197f9000 	/usr/lib/libcompression.dylib
0x00007ff81b2b5000 	/System/Library/PrivateFrameworks/TextureIO.framework/Versions/A/TextureIO
0x00007ff819eec000 	/usr/lib/libate.dylib
0x00007ff819cca000 	/usr/lib/liblzma.5.dylib
0x00007ff80f3d3000 	/System/Library/Frameworks/SystemConfiguration.framework/Versions/A/SystemConfiguration
0x00007ff819571000 	/usr/lib/libfakelink.dylib
0x00007ff813268000 	/System/Library/Frameworks/CFNetwork.framework/Versions/A/CFNetwork
0x00007ff8196b0000 	/usr/lib/libarchive.2.dylib
0x00007ff817e43000 	/System/Library/PrivateFrameworks/AppleSystemInfo.framework/Versions/A/AppleSystemInfo
0x00007ff818bb7000 	/usr/lib/libbsm.0.dylib
0x00007ff81289e000 	/usr/lib/libnetwork.dylib
0x00007ff81950a000 	/usr/lib/system/libkxld.dylib
0x00007ff8187e5000 	/System/Library/PrivateFrameworks/IOMobileFramebuffer.framework/Versions/A/IOMobileFramebuffer
0x00007ffb242d8000 	/usr/lib/libCoreEntitlements.dylib
0x00007ff819223000 	/System/Library/PrivateFrameworks/AppleFSCompression.framework/Versions/A/AppleFSCompression
0x00007ff818b9f000 	/usr/lib/libcoretls.dylib
0x00007ff819ce4000 	/usr/lib/libcoretls_cfhelpers.dylib
0x00007ff8197f4000 	/usr/lib/libpam.2.dylib
0x00007ff814bdc000 	/usr/lib/libsqlite3.dylib
0x00007ff819d53000 	/usr/lib/libxar.1.dylib
0x00007ff819233000 	/usr/lib/libbz2.1.0.dylib
0x00007ff819576000 	/usr/lib/libpcap.A.dylib
0x00007ff814fb1000 	/usr/lib/libdns_services.dylib
0x00007ff8197c3000 	/usr/lib/libapple_nghttp2.dylib
0x00007ff8195ad000 	/usr/lib/libiconv.2.dylib
0x00007ff819503000 	/usr/lib/libcharset.1.dylib
0x00007ff815ed8000 	/System/Library/Frameworks/CoreServices.framework/Versions/A/Frameworks/FSEvents.framework/Versions/A/FSEvents
0x00007ff810e2f000 	/System/Library/Frameworks/CoreServices.framework/Versions/A/Frameworks/CarbonCore.framework/Versions/A/CarbonCore
0x00007ff8151f4000 	/System/Library/Frameworks/CoreServices.framework/Versions/A/Frameworks/Metadata.framework/Versions/A/Metadata
0x00007ff819246000 	/System/Library/Frameworks/CoreServices.framework/Versions/A/Frameworks/OSServices.framework/Versions/A/OSServices
0x00007ff819737000 	/System/Library/Frameworks/CoreServices.framework/Versions/A/Frameworks/SearchKit.framework/Versions/A/SearchKit
0x00007ff814f43000 	/System/Library/Frameworks/CoreServices.framework/Versions/A/Frameworks/AE.framework/Versions/A/AE
0x00007ff80ed3f000 	/System/Library/Frameworks/CoreServices.framework/Versions/A/Frameworks/LaunchServices.framework/Versions/A/LaunchServices
0x00007ff819c7b000 	/System/Library/Frameworks/CoreServices.framework/Versions/A/Frameworks/DictionaryServices.framework/Versions/A/DictionaryServices
0x00007ff815ee5000 	/System/Library/Frameworks/CoreServices.framework/Versions/A/Frameworks/SharedFileList.framework/Versions/A/SharedFileList
0x00007ff818b93000 	/usr/lib/libCheckFix.dylib
0x00007ff813779000 	/System/Library/PrivateFrameworks/TCC.framework/Versions/A/TCC
0x00007ff817e49000 	/System/Library/PrivateFrameworks/CoreNLP.framework/Versions/A/CoreNLP
0x00007ff8151a4000 	/System/Library/PrivateFrameworks/MetadataUtilities.framework/Versions/A/MetadataUtilities
0x00007ff80f483000 	/usr/lib/libmecabra.dylib
0x00007ff818bc7000 	/usr/lib/libmecab.dylib
0x00007ff80f44e000 	/usr/lib/libCRFSuite.dylib
0x00007ff818c24000 	/usr/lib/libgermantok.dylib
0x00007ff81979e000 	/usr/lib/libThaiTokenizer.dylib
0x00007ff815296000 	/System/Library/Frameworks/Accelerate.framework/Versions/A/Frameworks/vImage.framework/Versions/A/vImage
0x00007ff81f7e1000 	/System/Library/Frameworks/Accelerate.framework/Versions/A/Frameworks/vecLib.framework/Versions/A/vecLib
0x00007ff819d94000 	/System/Library/Frameworks/Accelerate.framework/Versions/A/Frameworks/vecLib.framework/Versions/A/libvMisc.dylib
0x00007ff818603000 	/System/Library/Frameworks/Accelerate.framework/Versions/A/Frameworks/vecLib.framework/Versions/A/libvDSP.dylib
0x00007ff80f0b7000 	/System/Library/Frameworks/Accelerate.framework/Versions/A/Frameworks/vecLib.framework/Versions/A/libBLAS.dylib
0x00007ff8198d5000 	/System/Library/Frameworks/Accelerate.framework/Versions/A/Frameworks/vecLib.framework/Versions/A/libLAPACK.dylib
0x00007ff818c27000 	/System/Library/Frameworks/Accelerate.framework/Versions/A/Frameworks/vecLib.framework/Versions/A/libLinearAlgebra.dylib
0x00007ff8197dc000 	/System/Library/Frameworks/Accelerate.framework/Versions/A/Frameworks/vecLib.framework/Versions/A/libSparseBLAS.dylib
0x00007ff8198cf000 	/System/Library/Frameworks/Accelerate.framework/Versions/A/Frameworks/vecLib.framework/Versions/A/libQuadrature.dylib
0x00007ff817f33000 	/System/Library/Frameworks/Accelerate.framework/Versions/A/Frameworks/vecLib.framework/Versions/A/libBNNS.dylib
0x00007ff80f364000 	/System/Library/Frameworks/Accelerate.framework/Versions/A/Frameworks/vecLib.framework/Versions/A/libSparse.dylib
0x00007ff817f2c000 	/System/Library/PrivateFrameworks/LinguisticData.framework/Versions/A/LinguisticData
0x00007ff80f319000 	/System/Library/PrivateFrameworks/Lexicon.framework/Versions/A/Lexicon
0x00007ff819d8d000 	/usr/lib/libChineseTokenizer.dylib
0x00007ff80fa7d000 	/System/Library/PrivateFrameworks/LanguageModeling.framework/Versions/A/LanguageModeling
0x00007ff8197a0000 	/System/Library/PrivateFrameworks/AppleSauce.framework/Versions/A/AppleSauce
0x00007ff8187d3000 	/System/Library/PrivateFrameworks/CoreEmoji.framework/Versions/A/CoreEmoji
0x00007ff81969f000 	/usr/lib/libcmph.dylib
0x00007ff815ebc000 	/System/Library/Frameworks/OpenDirectory.framework/Versions/A/Frameworks/CFOpenDirectory.framework/Versions/A/CFOpenDirectory
0x00007ff815eb0000 	/System/Library/Frameworks/OpenDirectory.framework/Versions/A/OpenDirectory
0x00007ff819ce6000 	/System/Library/PrivateFrameworks/APFS.framework/Versions/A/APFS
0x00007ff818af4000 	/System/Library/Frameworks/SecurityFoundation.framework/Versions/A/SecurityFoundation
0x00007ff819d61000 	/usr/lib/libutil.dylib
0x00007ff81115a000 	/System/Library/PrivateFrameworks/CoreServicesStore.framework/Versions/A/CoreServicesStore
0x00007ff819d65000 	/usr/lib/libxslt.1.dylib
0x00007ff818b81000 	/System/Library/PrivateFrameworks/BackgroundTaskManagement.framework/Versions/A/BackgroundTaskManagement
0x00007ff81b1d5000 	/System/Library/Frameworks/ImageIO.framework/Versions/A/Resources/libRadiance.dylib
0x00007ff81b1de000 	/System/Library/Frameworks/ImageIO.framework/Versions/A/Resources/libJPEG.dylib
0x00007ff81b12e000 	/System/Library/Frameworks/ImageIO.framework/Versions/A/Resources/libPng.dylib
0x00007ff81b14f000 	/System/Library/Frameworks/ImageIO.framework/Versions/A/Resources/libTIFF.dylib
0x00007ff81b23e000 	/System/Library/Frameworks/ImageIO.framework/Versions/A/Resources/libGIF.dylib
0x00007ff81aa5f000 	/System/Library/Frameworks/ImageIO.framework/Versions/A/Resources/libJP2.dylib
0x00007ff81a1a1000 	/usr/lib/libexpat.1.dylib
0x00007ff81aa14000 	/System/Library/PrivateFrameworks/AppleJPEG.framework/Versions/A/AppleJPEG
0x00007ff817388000 	/System/Library/PrivateFrameworks/FontServices.framework/libFontParser.dylib
0x00007ff814eed000 	/System/Library/PrivateFrameworks/RunningBoardServices.framework/Versions/A/RunningBoardServices
0x00007ff8259b6000 	/System/Library/PrivateFrameworks/IOSurfaceAccelerator.framework/Versions/A/IOSurfaceAccelerator
0x00007ff81ab42000 	/System/Library/PrivateFrameworks/WatchdogClient.framework/Versions/A/WatchdogClient
0x00007ff80fb6c000 	/System/Library/Frameworks/CoreDisplay.framework/Versions/A/CoreDisplay
0x00007ff817287000 	/System/Library/Frameworks/CoreMedia.framework/Versions/A/CoreMedia
0x00007ff817124000 	/System/Library/PrivateFrameworks/IOAccelerator.framework/Versions/A/IOAccelerator
0x00007ff816038000 	/System/Library/Frameworks/CoreVideo.framework/Versions/A/CoreVideo
0x00007ff8197f2000 	/System/Library/Frameworks/MetalPerformanceShaders.framework/Versions/A/MetalPerformanceShaders
0x00007ff81ab7d000 	/System/Library/Frameworks/VideoToolbox.framework/Versions/A/VideoToolbox
0x00007ff814e35000 	/System/Library/PrivateFrameworks/BaseBoard.framework/Versions/A/BaseBoard
0x00007ff814bc2000 	/System/Library/PrivateFrameworks/ProtocolBuffer.framework/Versions/A/ProtocolBuffer
0x00007ff81b1ce000 	/System/Library/PrivateFrameworks/GPUWrangler.framework/Versions/A/GPUWrangler
0x00007ff81b1b1000 	/System/Library/PrivateFrameworks/IOPresentment.framework/Versions/A/IOPresentment
0x00007ff81b1d8000 	/System/Library/PrivateFrameworks/DSExternalDisplay.framework/Versions/A/DSExternalDisplay
0x00007ffa264a7000 	/System/Library/Frameworks/OpenGL.framework/Versions/A/Libraries/libCoreFSCache.dylib
0x00007ffb12548000 	/System/Library/PrivateFrameworks/GPUCompiler.framework/Versions/31001/Libraries/libGPUCompilerUtils.dylib
0x00007ff81b243000 	/System/Library/PrivateFrameworks/CMCaptureCore.framework/Versions/A/CMCaptureCore
0x00007ff81a74d000 	/System/Library/PrivateFrameworks/AppServerSupport.framework/Versions/A/AppServerSupport
0x00007ff81c92a000 	/System/Library/PrivateFrameworks/perfdata.framework/Versions/A/perfdata
0x00007ff80fc98000 	/System/Library/PrivateFrameworks/AudioToolboxCore.framework/Versions/A/AudioToolboxCore
0x00007ff817264000 	/System/Library/PrivateFrameworks/caulk.framework/Versions/A/caulk
0x00007ff81c24e000 	/usr/lib/libAudioStatistics.dylib
0x00007ff913571000 	/System/Library/PrivateFrameworks/SystemPolicy.framework/Versions/A/SystemPolicy
0x00007ff81c4a3000 	/usr/lib/libSMC.dylib
0x00007ff8252ed000 	/System/Library/Frameworks/CoreMIDI.framework/Versions/A/CoreMIDI
0x00007ff81b0fe000 	/usr/lib/libAudioToolboxUtility.dylib
0x00007ff90f983000 	/System/Library/PrivateFrameworks/OSAServicesClient.framework/Versions/A/OSAServicesClient
0x00007ff81c937000 	/usr/lib/libperfcheck.dylib
0x00007ff914003000 	/usr/lib/libmis.dylib
0x00007ffa26503000 	/System/Library/Frameworks/OpenGL.framework/Versions/A/Libraries/libGLU.dylib
0x00007ffa264c6000 	/System/Library/Frameworks/OpenGL.framework/Versions/A/Libraries/libGFXShared.dylib
0x00007ffa266d4000 	/System/Library/Frameworks/OpenGL.framework/Versions/A/Libraries/libGL.dylib
0x00007ffa264cf000 	/System/Library/Frameworks/OpenGL.framework/Versions/A/Libraries/libGLImage.dylib
0x00007ffa264c3000 	/System/Library/Frameworks/OpenGL.framework/Versions/A/Libraries/libCVMSPluginSupport.dylib
0x00007ffa264ae000 	/System/Library/Frameworks/OpenGL.framework/Versions/A/Libraries/libCoreVMClient.dylib
0x00007ff817dc7000 	/System/Library/Frameworks/MetalPerformanceShaders.framework/Versions/A/Frameworks/MPSCore.framework/Versions/A/MPSCore
0x00007ff81918e000 	/System/Library/Frameworks/MetalPerformanceShaders.framework/Versions/A/Frameworks/MPSImage.framework/Versions/A/MPSImage
0x00007ff818c3d000 	/System/Library/Frameworks/MetalPerformanceShaders.framework/Versions/A/Frameworks/MPSNeuralNetwork.framework/Versions/A/MPSNeuralNetwork
0x00007ff8190b2000 	/System/Library/Frameworks/MetalPerformanceShaders.framework/Versions/A/Frameworks/MPSMatrix.framework/Versions/A/MPSMatrix
0x00007ff818e6e000 	/System/Library/Frameworks/MetalPerformanceShaders.framework/Versions/A/Frameworks/MPSRayIntersector.framework/Versions/A/MPSRayIntersector
0x00007ff8190eb000 	/System/Library/Frameworks/MetalPerformanceShaders.framework/Versions/A/Frameworks/MPSNDArray.framework/Versions/A/MPSNDArray
0x00007ffa2b0c8000 	/System/Library/Frameworks/MetalPerformanceShaders.framework/Versions/A/Frameworks/MPSFunctions.framework/Versions/A/MPSFunctions
0x00007ff80ef9a000 	/System/Library/PrivateFrameworks/MetalTools.framework/Versions/A/MetalTools
0x00007ff817e41000 	/System/Library/PrivateFrameworks/AggregateDictionary.framework/Versions/A/AggregateDictionary
0x00007ff819f83000 	/usr/lib/libIOReport.dylib
0x00007ffa27ae3000 	/System/Library/Frameworks/OpenCL.framework/Versions/A/OpenCL
0x00007ff81a2e7000 	/System/Library/PrivateFrameworks/FaceCore.framework/Versions/A/FaceCore
0x00007ff81a2d8000 	/System/Library/PrivateFrameworks/GraphVisualizer.framework/Versions/A/GraphVisualizer
0x00007ffb12453000 	/System/Library/PrivateFrameworks/FontServices.framework/Versions/A/FontServices
0x00007ff81a704000 	/System/Library/PrivateFrameworks/OTSVG.framework/Versions/A/OTSVG
0x00007ff815c20000 	/System/Library/Frameworks/ApplicationServices.framework/Versions/A/Frameworks/ATS.framework/Versions/A/Resources/libFontRegistry.dylib
0x00007ff81a755000 	/System/Library/PrivateFrameworks/FontServices.framework/libhvf.dylib
0x00007ffb12454000 	/System/Library/PrivateFrameworks/FontServices.framework/libXTFontStaticRegistryData.dylib
0x00007ff81a151000 	/System/Library/PrivateFrameworks/AppleVA.framework/Versions/A/AppleVA
0x00007ff81c272000 	/System/Library/Frameworks/ApplicationServices.framework/Versions/A/Frameworks/ATS.framework/Versions/A/ATS
0x00007ff8142f0000 	/System/Library/Frameworks/ApplicationServices.framework/Versions/A/Frameworks/HIServices.framework/Versions/A/HIServices
0x00007ff81b24d000 	/System/Library/Frameworks/ApplicationServices.framework/Versions/A/Frameworks/PrintCore.framework/Versions/A/PrintCore
0x00007ff81c5f6000 	/System/Library/Frameworks/ApplicationServices.framework/Versions/A/Frameworks/QD.framework/Versions/A/QD
0x00007ff81c5ee000 	/System/Library/Frameworks/ApplicationServices.framework/Versions/A/Frameworks/ColorSyncLegacy.framework/Versions/A/ColorSyncLegacy
0x00007ff81c262000 	/System/Library/Frameworks/ApplicationServices.framework/Versions/A/Frameworks/SpeechSynthesis.framework/Versions/A/SpeechSynthesis
0x00007ff81b20e000 	/System/Library/Frameworks/ApplicationServices.framework/Versions/A/Frameworks/ATSUI.framework/Versions/A/ATSUI
0x00007ff81c583000 	/usr/lib/libcups.2.dylib
0x00007ff81c946000 	/System/Library/Frameworks/Kerberos.framework/Versions/A/Kerberos
0x00007ff81c955000 	/System/Library/Frameworks/GSS.framework/Versions/A/GSS
0x00007ff81c2de000 	/usr/lib/libresolv.9.dylib
0x00007ff81a764000 	/System/Library/PrivateFrameworks/Heimdal.framework/Versions/A/Heimdal
0x00007ff823443000 	/System/Library/Frameworks/Kerberos.framework/Versions/A/Libraries/libHeimdalProxy.dylib
0x00007ff814fc2000 	/System/Library/Frameworks/Network.framework/Versions/A/Network
0x00007ff81a1bb000 	/usr/lib/libheimdal-asn1.dylib
0x00007ff81c9a1000 	/System/Library/PrivateFrameworks/CommonAuth.framework/Versions/A/CommonAuth
0x00007ff81c1df000 	/System/Library/PrivateFrameworks/AudioSession.framework/Versions/A/AudioSession
0x00007ff81a24b000 	/System/Library/PrivateFrameworks/MediaExperience.framework/Versions/A/MediaExperience
0x00007ff81c073000 	/System/Library/PrivateFrameworks/AudioSession.framework/libSessionUtility.dylib
0x00007ff81c602000 	/System/Library/PrivateFrameworks/AudioResourceArbitration.framework/Versions/A/AudioResourceArbitration
0x00007ff8205f4000 	/System/Library/PrivateFrameworks/PowerLog.framework/Versions/A/PowerLog
0x00007ff81a1c4000 	/System/Library/PrivateFrameworks/IconFoundation.framework/Versions/A/IconFoundation
0x00007ff81f40e000 	/System/Library/PrivateFrameworks/SpeechRecognitionCore.framework/Versions/A/SpeechRecognitionCore
0x000000010fcdf000 	/Users/igortn/.p2/pool/plugins/org.eclipse.justj.openjdk.hotspot.jre.full.macosx.x86_64_15.0.2.v20210201-0955/jre/lib/server/libjvm.dylib
0x000000010ed95000 	/Users/igortn/.p2/pool/plugins/org.eclipse.justj.openjdk.hotspot.jre.full.macosx.x86_64_15.0.2.v20210201-0955/jre/lib/libjimage.dylib
0x000000010ee0c000 	/Users/igortn/.p2/pool/plugins/org.eclipse.justj.openjdk.hotspot.jre.full.macosx.x86_64_15.0.2.v20210201-0955/jre/lib/libjava.dylib
0x000000010edfb000 	/Users/igortn/.p2/pool/plugins/org.eclipse.justj.openjdk.hotspot.jre.full.macosx.x86_64_15.0.2.v20210201-0955/jre/lib/libzip.dylib
0x000000010f8ae000 	/Users/igortn/.p2/pool/plugins/org.eclipse.justj.openjdk.hotspot.jre.full.macosx.x86_64_15.0.2.v20210201-0955/jre/lib/libnio.dylib
0x000000010f8db000 	/Users/igortn/.p2/pool/plugins/org.eclipse.justj.openjdk.hotspot.jre.full.macosx.x86_64_15.0.2.v20210201-0955/jre/lib/libnet.dylib


VM Arguments:
jvm_args: -Dfile.encoding=UTF-8 -XX:+ShowCodeDetailsInExceptionMessages 
java_command: oracle.jdbc.driver.JavaToJavaConverter$8
java_class_path (initial): /Users/igortn/eclipse-workspace/raizenChallenge/raizen/target/test-classes:/Users/igortn/eclipse-workspace/raizenChallenge/raizen/target/classes:/Users/igortn/.m2/repository/org/springframework/boot/spring-boot-starter-data-jpa/2.6.7/spring-boot-starter-data-jpa-2.6.7.jar:/Users/igortn/.m2/repository/org/springframework/boot/spring-boot-starter-aop/2.6.7/spring-boot-starter-aop-2.6.7.jar:/Users/igortn/.m2/repository/org/springframework/spring-aop/5.3.19/spring-aop-5.3.19.jar:/Users/igortn/.m2/repository/org/aspectj/aspectjweaver/1.9.7/aspectjweaver-1.9.7.jar:/Users/igortn/.m2/repository/org/springframework/boot/spring-boot-starter-jdbc/2.6.7/spring-boot-starter-jdbc-2.6.7.jar:/Users/igortn/.m2/repository/com/zaxxer/HikariCP/4.0.3/HikariCP-4.0.3.jar:/Users/igortn/.m2/repository/org/springframework/spring-jdbc/5.3.19/spring-jdbc-5.3.19.jar:/Users/igortn/.m2/repository/jakarta/transaction/jakarta.transaction-api/1.3.3/jakarta.transaction-api-1.3.3.jar:/Users/igortn/.m2/repository/jakarta/persistence/jakarta.persistence-api/2.2.3/jakarta.persistence-api-2.2.3.jar:/Users/igortn/.m2/repository/org/hibernate/hibernate-core/5.6.8.Final/hibernate-core-5.6.8.Final.jar:/Users/igortn/.m2/repository/org/jboss/logging/jboss-logging/3.4.3.Final/jboss-logging-3.4.3.Final.jar:/Users/igortn/.m2/repository/net/bytebuddy/byte-buddy/1.11.22/byte-buddy-1.11.22.jar:/Users/igortn/.m2/repository/antlr/antlr/2.7.7/antlr-2.7.7.jar:/Users/igortn/.m2/repository/org/jboss/jandex/2.4.2.Final/jandex-2.4.2.Final.jar:/Users/igortn/.m2/repository/com/fasterxml/classmate/1.5.1/classmate-1.5.1.jar:/Users/igortn/.m2/repository/org/hibernate/common/hibernate-commons-annotations/5.1.2.Final/hibernate-commons-annotations-5.1.2.Final.jar:/Users/igortn/.m2/repository/org/glassfish/jaxb/jaxb-runtime/2.3.6/jaxb-runtime-2.3.6.jar:/Users/igortn/.m2/repository/org/glassfish/jaxb/txw2/2.3.6/txw2-2.3.6.jar:/Users/igortn/.m2/repository/com/sun/istack/istack-commons-runtime/3.0.12/istack-
Launcher Type: SUN_STANDARD

[Global flags]
     intx CICompilerCount                          = 4                                         {product} {ergonomic}
     uint ConcGCThreads                            = 3                                         {product} {ergonomic}
     uint G1ConcRefinementThreads                  = 10                                        {product} {ergonomic}
   size_t G1HeapRegionSize                         = 2097152                                   {product} {ergonomic}
    uintx GCDrainStackTargetSize                   = 64                                        {product} {ergonomic}
   size_t InitialHeapSize                          = 268435456                                 {product} {ergonomic}
   size_t MarkStackSize                            = 4194304                                   {product} {ergonomic}
   size_t MaxHeapSize                              = 4294967296                                {product} {ergonomic}
   size_t MaxNewSize                               = 2575302656                                {product} {ergonomic}
   size_t MinHeapDeltaBytes                        = 2097152                                   {product} {ergonomic}
   size_t MinHeapSize                              = 8388608                                   {product} {ergonomic}
    uintx NonNMethodCodeHeapSize                   = 5839372                                {pd product} {ergonomic}
    uintx NonProfiledCodeHeapSize                  = 122909434                              {pd product} {ergonomic}
    uintx ProfiledCodeHeapSize                     = 122909434                              {pd product} {ergonomic}
    uintx ReservedCodeCacheSize                    = 251658240                              {pd product} {ergonomic}
     bool SegmentedCodeCache                       = true                                      {product} {ergonomic}
     bool ShowCodeDetailsInExceptionMessages       = true                                   {manageable} {command line}
   size_t SoftMaxHeapSize                          = 4294967296                             {manageable} {ergonomic}
     bool UseCompressedClassPointers               = true                                 {lp64_product} {ergonomic}
     bool UseCompressedOops                        = true                                 {lp64_product} {ergonomic}
     bool UseG1GC                                  = true                                      {product} {ergonomic}
     bool UseNUMA                                  = false                                     {product} {ergonomic}
     bool UseNUMAInterleaving                      = false                                     {product} {ergonomic}

Logging:
Log output configuration:
 #0: stdout all=warning uptime,level,tags
 #1: stderr all=off uptime,level,tags

Environment Variables:
PATH=/usr/bin:/bin:/usr/sbin:/sbin
SHELL=/bin/zsh

Signal Handlers:
SIGSEGV: [libjvm.dylib+0xa01020], sa_mask[0]=11111111011111110111111111111111, sa_flags=SA_ONSTACK|SA_RESTART|SA_SIGINFO
SIGBUS: [libjvm.dylib+0xa01020], sa_mask[0]=11111111011111110111111111111111, sa_flags=SA_RESTART|SA_SIGINFO
SIGFPE: [libjvm.dylib+0xa01020], sa_mask[0]=11111111011111110111111111111111, sa_flags=SA_RESTART|SA_SIGINFO
SIGPIPE: [libjvm.dylib+0x82c500], sa_mask[0]=11111111011111110111111111111111, sa_flags=SA_RESTART|SA_SIGINFO
SIGXFSZ: [libjvm.dylib+0x82c500], sa_mask[0]=11111111011111110111111111111111, sa_flags=SA_RESTART|SA_SIGINFO
SIGILL: [libjvm.dylib+0xa01020], sa_mask[0]=11111111011111110111111111111111, sa_flags=SA_RESTART|SA_SIGINFO
SIGUSR2: [libjvm.dylib+0x82d010], sa_mask[0]=00100000000000000000000000000000, sa_flags=SA_RESTART|SA_SIGINFO
SIGHUP: [libjvm.dylib+0x82b710], sa_mask[0]=11111111011111110111111111111111, sa_flags=SA_RESTART|SA_SIGINFO
SIGINT: [libjvm.dylib+0x82b710], sa_mask[0]=11111111011111110111111111111111, sa_flags=SA_RESTART|SA_SIGINFO
SIGTERM: [libjvm.dylib+0x82b710], sa_mask[0]=11111111011111110111111111111111, sa_flags=SA_RESTART|SA_SIGINFO
SIGQUIT: [libjvm.dylib+0x82b710], sa_mask[0]=11111111011111110111111111111111, sa_flags=SA_RESTART|SA_SIGINFO


---------------  S Y S T E M  ---------------

OS:uname: Darwin 21.3.0 Darwin Kernel Version 21.3.0: Wed Jan  5 21:37:58 PST 2022; root:xnu-8019.80.24~20/RELEASE_X86_64 x86_64
OS uptime: 0 days 19:46 hours
rlimit (soft/hard): STACK 8192k/65532k , CORE 0k/infinity , NPROC 2784/4176 , NOFILE 10240/infinity , AS infinity/infinity , CPU infinity/infinity , DATA infinity/infinity , FSIZE infinity/infinity , MEMLOCK infinity/infinity , RSS infinity/infinity
load average: 2.51 2.60 2.63

CPU: total 12 (initial active 12) (6 cores per cpu, 2 threads per core) family 6 model 158 stepping 10 microcode 0xec, cmov, cx8, fxsr, mmx, sse, sse2, sse3, ssse3, sse4.1, sse4.2, popcnt, vzeroupper, avx, avx2, aes, clmul, erms, 3dnowpref, lzcnt, ht, tsc, tscinvbit, bmi1, bmi2, adx, fma, clflush, clflushopt

Memory: 4k page, physical 16777216k(306788k free), swap 2097152k(1729024k free)

vm_info: OpenJDK 64-Bit Server VM (15.0.2+7-27) for bsd-amd64 JRE (15.0.2+7-27), built on Dec  7 2020 20:01:12 by "mach5one" with clang 4.2.1 Compatible Apple LLVM 10.0.0 (clang-1000.11.45.5)

END.
